#
# A fatal error has been detected by the Java Runtime Environment:
#
#  Internal Error (javaClasses.cpp:136), pid=1568, tid=2904
#  fatal error: Invalid layout of preloaded class
#
# JRE version:  (7.0_51-b13) (build )
# Java VM: Java HotSpot(TM) Client VM (24.51-b03 mixed mode windows-x86 )
# Failed to write core dump. Minidumps are not enabled by default on client versions of Windows
#
# If you would like to submit a bug report, please visit:
#   http://bugreport.sun.com/bugreport/crash.jsp
#

---------------  T H R E A D  ---------------

Current thread (0x0059c400):  JavaThread "Unknown thread" [_thread_in_vm, id=2904, stack(0x00920000,0x00970000)]

Stack: [0x00920000,0x00970000],  sp=0x0096faa0,  free space=318k
Native frames: (J=compiled Java code, j=interpreted, Vv=VM code, C=native code)
V  [jvm.dll+0x18e0f1]
V  [jvm.dll+0x187e66]
V  [jvm.dll+0x3586a]
V  [jvm.dll+0x358f6]
V  [jvm.dll+0x4400d]
V  [jvm.dll+0x442be]
V  [jvm.dll+0x9263a]
V  [jvm.dll+0x929eb]
V  [jvm.dll+0x13dc51]
V  [jvm.dll+0x16076c]
V  [jvm.dll+0xc8ebf]
C  [javaw.exe+0x13ce]
C  [javaw.exe+0x1e40]
C  [javaw.exe+0xa5b1]
C  [javaw.exe+0xa63b]
C  [kernel32.dll+0x4ed5c]
C  [ntdll.dll+0x637eb]
C  [ntdll.dll+0x637be]


---------------  P R O C E S S  ---------------

Java Threads: ( => current thread )

Other Threads:

=>0x0059c400 (exited) JavaThread "Unknown thread" [_thread_in_vm, id=2904, stack(0x00920000,0x00970000)]

VM state:not at safepoint (not fully initialized)

VM Mutex/Monitor currently owned by a thread: None

GC Heap History (0 events):
No events

Deoptimization events (0 events):
No events

Internal exceptions (0 events):
No events

Events (10 events):
Event: 0.199 loading class 0x0065b868
Event: 0.202 loading class 0x0065b868 done
Event: 0.202 loading class 0x0065b8a8
Event: 0.202 loading class 0x0065be18
Event: 0.203 loading class 0x0065be18 done
Event: 0.203 loading class 0x006619e0
Event: 0.203 loading class 0x006619e0 done
Event: 0.203 loading class 0x0065b8a8 done
Event: 0.203 loading class 0x0065b888
Event: 0.204 loading class 0x0065b888 done


Dynamic libraries:
0x009d0000 - 0x009ff000 	C:\Program Files\Java\jre7\bin\javaw.exe
0x77c00000 - 0x77d3c000 	C:\Windows\SYSTEM32\ntdll.dll
0x779c0000 - 0x77a94000 	C:\Windows\system32\kernel32.dll
0x75cb0000 - 0x75cfb000 	C:\Windows\system32\KERNELBASE.dll
0x77400000 - 0x774a0000 	C:\Windows\system32\ADVAPI32.dll
0x776e0000 - 0x7778c000 	C:\Windows\system32\msvcrt.dll
0x776c0000 - 0x776d9000 	C:\Windows\SYSTEM32\sechost.dll
0x76e20000 - 0x76ec2000 	C:\Windows\system32\RPCRT4.dll
0x77330000 - 0x773f9000 	C:\Windows\system32\USER32.dll
0x772e0000 - 0x7732e000 	C:\Windows\system32\GDI32.dll
0x76be0000 - 0x76bea000 	C:\Windows\system32\LPK.dll
0x77240000 - 0x772dd000 	C:\Windows\system32\USP10.dll
0x74ad0000 - 0x74c6e000 	C:\Windows\WinSxS\x86_microsoft.windows.common-controls_6595b64144ccf1df_6.0.7601.17514_none_41e6975e2bd6f2b2\COMCTL32.dll
0x77790000 - 0x777e7000 	C:\Windows\system32\SHLWAPI.dll
0x76bc0000 - 0x76bdf000 	C:\Windows\system32\IMM32.DLL
0x76d50000 - 0x76e1c000 	C:\Windows\system32\MSCTF.dll
0x66940000 - 0x669ff000 	C:\Program Files\Java\jre7\bin\msvcr100.dll
0x64ce0000 - 0x65060000 	C:\Program Files\Java\jre7\bin\client\jvm.dll
0x737d0000 - 0x737d7000 	C:\Windows\system32\WSOCK32.dll
0x76d10000 - 0x76d45000 	C:\Windows\system32\WS2_32.dll
0x76bf0000 - 0x76bf6000 	C:\Windows\system32\NSI.dll
0x73760000 - 0x73792000 	C:\Windows\system32\WINMM.dll
0x77d40000 - 0x77d45000 	C:\Windows\system32\PSAPI.DLL
0x741a0000 - 0x741ac000 	C:\Program Files\Java\jre7\bin\verify.dll
0x6d670000 - 0x6d690000 	C:\Program Files\Java\jre7\bin\java.dll
0x6cc90000 - 0x6cca3000 	C:\Program Files\Java\jre7\bin\zip.dll
0x70ba0000 - 0x70c8b000 	C:\Windows\system32\dbghelp.dll

VM Arguments:
jvm_args: -Dfile.encoding=Cp1252 -Xbootclasspath:C:\Program Files\leJOS NXJ\lib\nxt\classes.jar 
java_command: StartTinyTim
Launcher Type: SUN_STANDARD

Environment Variables:
JAVA_HOME=C:\Program Files\Java\jdk1.7.0_51
CLASSPATH=.;C:\Program Files\QuickTime\QTSystem\QTJava.zip
PATH=C:/Program Files/Java/jre7/bin/client;C:/Program Files/Java/jre7/bin;C:/Program Files/Java/jre7/lib/i386;C:\Program Files\Common Files\Microsoft Shared\Windows Live;C:\Windows\system32;C:\Windows;C:\Windows\System32\Wbem;C:\Windows\System32\WindowsPowerShell\v1.0\;C:\Program Files\Autodesk\Backburner\;C:\Program Files\Windows Live\Shared;C:\MinGW\bin ;C:\Program Files\QuickTime\QTSystem\;C:\Program Files\Common Files\Autodesk Shared\;C:\Python27;C:\MinGW\bin;C:\Program Files\IVI Foundation\VISA\WinNT\Bin;C:\Program Files\Java\jdk1.7.0_51;C:\Program Files\MiKTeX 2.9\miktex\bin\;C:\Program Files\leJOS NXJ\bin;C:\Program Files\Java\jdk1.7.0_51;C:\Program Files\MATLAB\R2013b\runtime\win32;C:\Program Files\MATLAB\R2013b\bin;D:\Kits\eclipse-java-kepler-SR1-win32\eclipse;
USERNAME=star
OS=Windows_NT
PROCESSOR_IDENTIFIER=x86 Family 6 Model 23 Stepping 6, GenuineIntel



---------------  S Y S T E M  ---------------

OS: Windows 7 Build 7601 Service Pack 1

CPU:total 2 (2 cores per cpu, 1 threads per core) family 6 model 23 stepping 6, cmov, cx8, fxsr, mmx, sse, sse2, sse3, ssse3, sse4.1, tsc

Memory: 4k page, physical 2095168k(787352k free), swap 4190336k(1522640k free)

vm_info: Java HotSpot(TM) Client VM (24.51-b03) for windows-x86 JRE (1.7.0_51-b13), built on Dec 18 2013 19:09:58 by "java_re" with unknown MS VC++:1600

time: Sat Mar 01 17:41:27 2014
elapsed time: 0 seconds

